<?xml version="1.0" encoding="UTF-8"?>
<!-- Generated by org.testng.reporters.JUnitReportReporter -->
<testsuite skipped="0" hostname="LAPTOP-14G3C30R" name="com.myframework.testCases.TC_LogonTest_001" tests="1" failures="0" timestamp="27 Jun 2020 01:26:52 GMT" time="42.254" errors="0">
  <testcase name="loginTest" time="42.254" classname="com.myframework.testCases.TC_LogonTest_001"/>
</testsuite> <!-- com.myframework.testCases.TC_LogonTest_001 -->
